<?xml version="1.0" encoding="UTF-8"?>
<!-- Generated by org.testng.reporters.JUnitXMLReporter -->
<testsuite ignored="0" hostname="INLEN8520062597" failures="0" tests="3" name="Surefire test" time="20.727" errors="0" timestamp="2022-09-13T22:05:04 IST">
  <testcase classname="tests.LoginTest" name="LoginWithValidCredentials" time="4.381"/>
  <testcase classname="tests.YourCartTest" name="clickoncontinue" time="2.091"/>
  <testcase classname="tests.YourCartTest" name="clickoncheckout" time="2.083"/>
</testsuite> <!-- Surefire test -->
