<?xml version="1.0" encoding="UTF-8"?>
<!-- Generated by org.testng.reporters.JUnitXMLReporter -->
<testsuite ignored="0" hostname="INLEN8520062597" failures="4" tests="5" name="Test" time="10.253" errors="0" timestamp="2022-09-13T20:42:14 IST">
  <testcase classname="io.cucumber.testng.AbstractTestNGCucumberTests" name="runScenario" time="0.094">
    <failure type="java.lang.NullPointerException" message="Cannot invoke &amp;quot;java.util.Properties.getProperty(String)&amp;quot; because &amp;quot;this.prop&amp;quot; is null">
      <![CDATA[java.lang.NullPointerException: Cannot invoke "java.util.Properties.getProperty(String)" because "this.prop" is null
at stepdefinitions.Cart.users_open_the_application_in_any_browser_for_cart(Cart.java:35)
at ✽.Users open the Application in any browser for cart(file:///C:/Users/garmitra/eclipse-workspace/SwagLab/src/test/java/features/Cart.feature:6)
]]>
    </failure>
  </testcase> <!-- runScenario -->
  <testcase classname="io.cucumber.testng.AbstractTestNGCucumberTests" name="runScenario" time="0.008">
    <failure type="java.lang.NullPointerException" message="Cannot invoke &amp;quot;java.util.Properties.getProperty(String)&amp;quot; because &amp;quot;this.prop&amp;quot; is null">
      <![CDATA[java.lang.NullPointerException: Cannot invoke "java.util.Properties.getProperty(String)" because "this.prop" is null
at stepdefinitions.Cart.open_the_application_in_any_browser_for_cart(Cart.java:62)
at ✽.Open the Application in any browser for cart(file:///C:/Users/garmitra/eclipse-workspace/SwagLab/src/test/java/features/Cart.feature:13)
]]>
    </failure>
  </testcase> <!-- runScenario -->
  <testcase classname="io.cucumber.testng.AbstractTestNGCucumberTests" name="runScenario" time="3.962">
    <failure type="java.lang.NullPointerException" message="Cannot invoke &amp;quot;pageobjects.LoginPage.enterusername(String)&amp;quot; because &amp;quot;this.loginPage&amp;quot; is null">
      <![CDATA[java.lang.NullPointerException: Cannot invoke "pageobjects.LoginPage.enterusername(String)" because "this.loginPage" is null
at stepdefinitions.Checkout.user_enters_username_as_standarduser_and_password_as_secretsauce_for_login(Checkout.java:51)
at ✽.User enters username as  standard_user  and password as secret_sauce for login(file:///C:/Users/garmitra/eclipse-workspace/SwagLab/src/test/java/features/Checkout.feature:6)
]]>
    </failure>
  </testcase> <!-- runScenario -->
  <testcase classname="io.cucumber.testng.AbstractTestNGCucumberTests" name="runScenario" time="2.493">
    <failure type="java.lang.NullPointerException" message="Cannot invoke &amp;quot;pageobjects.LoginPage.enterusername(String)&amp;quot; because &amp;quot;this.loginPage&amp;quot; is null">
      <![CDATA[java.lang.NullPointerException: Cannot invoke "pageobjects.LoginPage.enterusername(String)" because "this.loginPage" is null
at stepdefinitions.Checkout.user_enters_username_as_standarduser_and_password_as_secretsauce_for_login(Checkout.java:51)
at ✽.User enters username as  standard_user  and password as secret_sauce for login(file:///C:/Users/garmitra/eclipse-workspace/SwagLab/src/test/java/features/Checkout.feature:6)
]]>
    </failure>
  </testcase> <!-- runScenario -->
  <testcase classname="io.cucumber.testng.AbstractTestNGCucumberTests" name="runScenario" time="3.055"/>
</testsuite> <!-- Test -->
