<?xml version="1.0" encoding="UTF-8"?>
<testng-results ignored="0" total="3" passed="3" failed="0" skipped="0">
  <reporter-output>
  </reporter-output>
  <suite started-at="2022-09-13T22:04:43 IST" name="Surefire suite" finished-at="2022-09-13T22:05:04 IST" duration-ms="20727">
    <groups>
    </groups>
    <test started-at="2022-09-13T22:04:43 IST" name="Surefire test" finished-at="2022-09-13T22:05:04 IST" duration-ms="20727">
      <class name="tests.YourCartTest">
        <test-method is-config="true" signature="setup()[pri:0, instance:tests.YourCartTest@11bd0f3b]" started-at="2022-09-13T22:04:51 IST" name="setup" finished-at="2022-09-13T22:04:55 IST" duration-ms="4338" status="PASS">
          <reporter-output>
          </reporter-output>
        </test-method> <!-- setup -->
        <test-method signature="clickoncontinue()[pri:1, instance:tests.YourCartTest@11bd0f3b]" started-at="2022-09-13T22:04:55 IST" name="clickoncontinue" finished-at="2022-09-13T22:04:57 IST" duration-ms="2091" status="PASS">
          <reporter-output>
          </reporter-output>
        </test-method> <!-- clickoncontinue -->
        <test-method is-config="true" signature="tearDown()[pri:0, instance:tests.YourCartTest@11bd0f3b]" started-at="2022-09-13T22:04:57 IST" name="tearDown" finished-at="2022-09-13T22:04:58 IST" duration-ms="185" status="PASS">
          <reporter-output>
          </reporter-output>
        </test-method> <!-- tearDown -->
        <test-method is-config="true" signature="setup()[pri:0, instance:tests.YourCartTest@11bd0f3b]" started-at="2022-09-13T22:04:58 IST" name="setup" finished-at="2022-09-13T22:05:02 IST" duration-ms="4279" status="PASS">
          <reporter-output>
          </reporter-output>
        </test-method> <!-- setup -->
        <test-method signature="clickoncheckout()[pri:2, instance:tests.YourCartTest@11bd0f3b]" started-at="2022-09-13T22:05:02 IST" name="clickoncheckout" finished-at="2022-09-13T22:05:04 IST" duration-ms="2083" status="PASS">
          <reporter-output>
          </reporter-output>
        </test-method> <!-- clickoncheckout -->
        <test-method is-config="true" signature="tearDown()[pri:0, instance:tests.YourCartTest@11bd0f3b]" started-at="2022-09-13T22:05:04 IST" name="tearDown" finished-at="2022-09-13T22:05:04 IST" duration-ms="187" status="PASS">
          <reporter-output>
          </reporter-output>
        </test-method> <!-- tearDown -->
      </class> <!-- tests.YourCartTest -->
      <class name="tests.LoginTest">
        <test-method is-config="true" signature="setup()[pri:0, instance:tests.LoginTest@7e9131d5]" started-at="2022-09-13T22:04:43 IST" name="setup" finished-at="2022-09-13T22:04:46 IST" duration-ms="2947" status="PASS">
          <reporter-output>
          </reporter-output>
        </test-method> <!-- setup -->
        <test-method signature="LoginWithValidCredentials()[pri:0, instance:tests.LoginTest@7e9131d5]" started-at="2022-09-13T22:04:46 IST" name="LoginWithValidCredentials" finished-at="2022-09-13T22:04:51 IST" duration-ms="4381" status="PASS">
          <reporter-output>
          </reporter-output>
        </test-method> <!-- LoginWithValidCredentials -->
        <test-method is-config="true" signature="tearDown()[pri:0, instance:tests.LoginTest@7e9131d5]" started-at="2022-09-13T22:04:51 IST" name="tearDown" finished-at="2022-09-13T22:04:51 IST" duration-ms="204" status="PASS">
          <reporter-output>
          </reporter-output>
        </test-method> <!-- tearDown -->
      </class> <!-- tests.LoginTest -->
    </test> <!-- Surefire test -->
  </suite> <!-- Surefire suite -->
</testng-results>
